<?xml version="1.0" encoding="UTF-8"?>
<testsuite name="agh.ics.oop.OptionsParserTest" tests="1" skipped="0" failures="0" errors="0" timestamp="2022-12-03T13:02:03" hostname="LAPTOP-2NEOC43S" time="0.025">
  <properties/>
  <testcase name="SecondArray()" classname="agh.ics.oop.OptionsParserTest" time="0.025"/>
  <system-out><![CDATA[]]></system-out>
  <system-err><![CDATA[]]></system-err>
</testsuite>
